[hidden.sun]The test batch is ready.
[hidden.sun]Startup
[hidden.sun]Tear down
[hidden.sun]Startup
[hidden.sun]Tear down
[hidden.sun]Startup
[hidden.sun]Tear down
[hidden.sun]Startup
[hidden.sun]Tear down
[hidden.sun]Startup
[hidden.sun]Test batch interrupted
[hidden.sun]The test batch is finished.
[hidden.sun]******* TEST BATCH SUMMARY ********
[hidden.sun]Total_test: 19; Total_test_successful: 19; Total_test_failed: 0
[hidden.sun]Total execution time: 0:01:12.658000
[hidden.sun]---------------------
[hidden.sun]Failed tests:
[hidden.sun]No test failed!
[hidden.sun]---------------------
[hidden.sun]Test Login Firefox-46_0-Darwin
[hidden.sun]Test execution time: 0:00:29.664000
[hidden.sun]Total_test: 17; Total_test_successful: 17; Total_test_failed: 0
[hidden.sun]No crash!
[hidden.sun]---------------------
[hidden.sun]Test Logout Firefox-46_0-Darwin
[hidden.sun]Test execution time: 0:00:07.014000
[hidden.sun]Total_test: 2; Total_test_successful: 2; Total_test_failed: 0
[hidden.sun]No crash!
[hidden.sun]---------------------
[hidden.sun]Test Navigation Firefox-46_0-Darwin
[hidden.sun]Test execution time: 0:00:18.513000
[hidden.sun]Total_test: 0; Total_test_successful: 0; Total_test_failed: 0
[hidden.sun][!]Test Navigation Firefox crashed: Traceback (most recent call last):
  File "/Users/pyrat/.virtualenvs/cob_v1/lib/python3.5/site-packages/brome/core/proxy_driver.py", line 409, in wait_until_present
    (getattr(By, _selector.find_by), _selector.get_selector())
  File "/Users/pyrat/.virtualenvs/cob_v1/lib/python3.5/site-packages/selenium/webdriver/support/wait.py", line 80, in until
    raise TimeoutException(message, screen, stacktrace)
selenium.common.exceptions.TimeoutException: Message: 
Stacktrace:
    at FirefoxDriver.prototype.findElementInternal_ (file:///var/folders/jj/4xxdfpz97_x6rnv6p2vw47nh0000gn/T/tmp5xedlh5f/extensions/fxdriver@googlecode.com/components/driver-component.js:10770)
    at FirefoxDriver.prototype.findElement (file:///var/folders/jj/4xxdfpz97_x6rnv6p2vw47nh0000gn/T/tmp5xedlh5f/extensions/fxdriver@googlecode.com/components/driver-component.js:10779)
    at DelayedCommand.prototype.executeInternal_/h (file:///var/folders/jj/4xxdfpz97_x6rnv6p2vw47nh0000gn/T/tmp5xedlh5f/extensions/fxdriver@googlecode.com/components/command-processor.js:12661)
    at DelayedCommand.prototype.executeInternal_ (file:///var/folders/jj/4xxdfpz97_x6rnv6p2vw47nh0000gn/T/tmp5xedlh5f/extensions/fxdriver@googlecode.com/components/command-processor.js:12666)
    at DelayedCommand.prototype.execute/< (file:///var/folders/jj/4xxdfpz97_x6rnv6p2vw47nh0000gn/T/tmp5xedlh5f/extensions/fxdriver@googlecode.com/components/command-processor.js:12608)

During handling of the above exception, another exception occurred:

Traceback (most recent call last):
  File "/Users/pyrat/.virtualenvs/cob_v1/lib/python3.5/site-packages/brome/core/basetest.py", line 692, in execute
    self.run(**self._test_config)
  File "/Users/pyrat/Documents/PROG/PYTHON/webbase/tests/tests/test_navigation.py", line 22, in run
    self.app.go_to_profile()
  File "/Users/pyrat/Documents/PROG/PYTHON/webbase/tests/model/app.py", line 42, in go_to_profile
    self.open_user_dropdown()
  File "/Users/pyrat/Documents/PROG/PYTHON/webbase/tests/model/app.py", line 131, in open_user_dropdown
    self.pdriver.find("sv:header_user_dropdown").click()
  File "/Users/pyrat/.virtualenvs/cob_v1/lib/python3.5/site-packages/brome/core/proxy_driver.py", line 168, in find
    elements = self.find_all(selector, **kwargs)
  File "/Users/pyrat/.virtualenvs/cob_v1/lib/python3.5/site-packages/brome/core/proxy_driver.py", line 270, in find_all
    raise_exception=raise_exception
  File "/Users/pyrat/.virtualenvs/cob_v1/lib/python3.5/site-packages/brome/core/proxy_driver.py", line 426, in wait_until_present
    raise exceptions.TimeoutException(msg)
selenium.common.exceptions.TimeoutException: Message: wait_until_present (Selector: effective selector (//*[@name = "user-dropdown"]), raw selector (sv:header_user_dropdown)): element is still not present


[hidden.sun]---------------------
[hidden.sun]Test Notification Firefox-46_0-Darwin
[hidden.sun]Test execution time: 0:00:00.019000
[hidden.sun]Total_test: 0; Total_test_successful: 0; Total_test_failed: 0
[hidden.sun]No crash!
[hidden.sun]---------------------
[hidden.sun]Finished
